<?xml version="1.0" encoding="UTF-8"?>
<testng-results skipped="0" failed="0" ignored="0" total="1" passed="1">
  <reporter-output>
  </reporter-output>
  <suite name="Default suite" duration-ms="17127" started-at="2020-09-13T13:15:52Z" finished-at="2020-09-13T13:16:09Z">
    <groups>
    </groups>
    <test name="Default test" duration-ms="17127" started-at="2020-09-13T13:15:52Z" finished-at="2020-09-13T13:16:09Z">
      <class name="sd.interview">
        <test-method status="PASS" signature="Invoke_browser()[pri:0, instance:sd.interview@27808f31]" name="Invoke_browser" is-config="true" duration-ms="1208" started-at="2020-09-13T13:15:52Z" finished-at="2020-09-13T13:15:53Z">
          <reporter-output>
          </reporter-output>
        </test-method> <!-- Invoke_browser -->
        <test-method status="PASS" signature="Demo()[pri:0, instance:sd.interview@27808f31]" name="Demo" duration-ms="15763" started-at="2020-09-13T13:15:53Z" finished-at="2020-09-13T13:16:09Z">
          <reporter-output>
          </reporter-output>
        </test-method> <!-- Demo -->
        <test-method status="PASS" signature="tear()[pri:0, instance:sd.interview@27808f31]" name="tear" is-config="true" duration-ms="124" started-at="2020-09-13T13:16:09Z" finished-at="2020-09-13T13:16:09Z">
          <reporter-output>
          </reporter-output>
        </test-method> <!-- tear -->
      </class> <!-- sd.interview -->
    </test> <!-- Default test -->
  </suite> <!-- Default suite -->
</testng-results>
